decimal_value			binary_value			hex_value

115				01110011			115/16 = 7 R 3
								  7/16 = 0 R 7
				128 = 0				       = 0x73
				64 = 1000000
				32 = 100000
				16 - 10000
				8 = 0
				4 = 0
				2 = 10
				1 = 1

87				01010111			87/16 = 5 R 7
								 5/16 = 0 R 5
				128 = 0				      = 0x76
				64 = 1000000
				32 = 0
				16 = 10000
				8 = 0
				4 = 100
				2 = 10
				1 = 1

118				01110110			118/16 = 7 R 6
								  7/16 = 0 R 7
				128 = 0				       = 0x76
				64 = 1000000
				32 = 100000
				16 = 10000
				8 = 0
				4 =100
				2 = 10
				1 = 0

118				01110110			118/16 = 7 R 6
								  7/16 = 0 R 7
				128 = 0				       = 0x76
				64 = 1000000
				32 = 100000
				16 = 10000
				8 = 0
				4 = 100
				2 = 10
				1 = 0

34				00100010			34/16 = 2 R 2
								 2/16 = 0 R 2
				128 = 0				      = 0x22
				64 = 0
				32 = 100000
				16 = 0
				8 = 0
				4 = 0
				2 = 10
				1 = 0
